Using pre-set license
Built from '2020.2/release' branch; Version is '2020.2.1f1 (270dd8c3da1c) revision 2559448'; Using compiler version '192528614'; Build Type 'Release'
OS: 'Windows 10  (10.0.0) 64bit' Language: 'es' Physical Memory: 16336 MB
BatchMode: 1, IsHumanControllingUs: 0, StartBugReporterOnCrash: 0, Is64bit: 1, IsPro: 0

 COMMAND LINE ARGUMENTS:
C:\Program Files\Unity\Hub\Editor\2020.2.1f1\Editor\Unity.exe
-adb2
-batchMode
-noUpm
-name
AssetImportWorker0
-projectPath
C:/Users/nadig/OneDrive/Documentos/GitHub/VR_Environment_Avatar/VR Project
-logFile
Logs/AssetImportWorker0.log
-srvPort
49845
Successfully changed project path to: C:/Users/nadig/OneDrive/Documentos/GitHub/VR_Environment_Avatar/VR Project
C:/Users/nadig/OneDrive/Documentos/GitHub/VR_Environment_Avatar/VR Project
Using Asset Import Pipeline V2.
Refreshing native plugins compatible for Editor in 616.81 ms, found 14 plugins.
Preloading 2 native plugins for Editor in 22.45 ms.
Initialize engine version: 2020.2.1f1 (270dd8c3da1c)
[Subsystems] Discovering subsystems at path C:/Program Files/Unity/Hub/Editor/2020.2.1f1/Editor/Data/Resources/UnitySubsystems
[Subsystems] Discovering subsystems at path C:/Users/nadig/OneDrive/Documentos/GitHub/VR_Environment_Avatar/VR Project/Assets
GfxDevice: creating device client; threaded=0
Direct3D:
    Version:  Direct3D 11.0 [level 11.1]
    Renderer: NVIDIA GeForce RTX 2060 (ID=0x1e89)
    Vendor:   
    VRAM:     5968 MB
    Driver:   30.0.14.9729
Initialize mono
Mono path[0] = 'C:/Program Files/Unity/Hub/Editor/2020.2.1f1/Editor/Data/Managed'
Mono path[1] = 'C:/Program Files/Unity/Hub/Editor/2020.2.1f1/Editor/Data/MonoBleedingEdge/lib/mono/unityjit'
Mono config path = 'C:/Program Files/Unity/Hub/Editor/2020.2.1f1/Editor/Data/MonoBleedingEdge/etc'
Using monoOptions --debugger-agent=transport=dt_socket,embedding=1,server=y,suspend=n,address=127.0.0.1:56008
Begin MonoManager ReloadAssembly
Registering precompiled unity dll's ...
Register platform support module: C:/Program Files/Unity/Hub/Editor/2020.2.1f1/Editor/Data/PlaybackEngines/WindowsStandaloneSupport/UnityEditor.WindowsStandalone.Extensions.dll
Registered in 0.001582 seconds.
Native extension for WindowsStandalone target not found
Refreshing native plugins compatible for Editor in 94.52 ms, found 14 plugins.
Preloading 2 native plugins for Editor in 0.18 ms.
Invoked RoslynAnalysisRunner static constructor.
RoslynAnalysisRunner will not be running.
RoslynAnalysisRunner has terminated.
Mono: successfully reloaded assembly
- Completed reload, in  2.518 seconds
Platform modules already initialized, skipping
Registering precompiled user dll's ...
Registered in 0.256274 seconds.
Begin MonoManager ReloadAssembly
Native extension for WindowsStandalone target not found
Refreshing native plugins compatible for Editor in 99.67 ms, found 14 plugins.
Preloading 2 native plugins for Editor in 0.16 ms.
Invoked RoslynAnalysisRunner static constructor.
RoslynAnalysisRunner will not be running.
RoslynAnalysisRunner has terminated.
NullReferenceException: Object reference not set to an instance of an object
  at Unity.XR.Oculus.OculusLoader.AssetPathToAbsolutePath (System.String assetPath) [0x0004c] in C:\Users\nadig\OneDrive\Documentos\GitHub\VR_Environment_Avatar\VR Project\Library\PackageCache\com.unity.xr.oculus@1.6.1\Runtime\OculusLoader.cs:242 
  at Unity.XR.Oculus.OculusLoader.EditorLoadOVRPlugin () [0x000b0] in C:\Users\nadig\OneDrive\Documentos\GitHub\VR_Environment_Avatar\VR Project\Library\PackageCache\com.unity.xr.oculus@1.6.1\Runtime\OculusLoader.cs:227 

(Filename: Library/PackageCache/com.unity.xr.oculus@1.6.1/Runtime/OculusLoader.cs Line: 242)

Mono: successfully reloaded assembly
- Completed reload, in  1.946 seconds
Platform modules already initialized, skipping
========================================================================
Worker process is ready to serve import requests
Shader 'Universal Render Pipeline/Particles/Lit': fallback shader 'Universal Render Pipeline/Particles/SimpleLit' not found
Shader 'Universal Render Pipeline/Particles/Lit': fallback shader 'Universal Render Pipeline/Particles/SimpleLit' not found
Launched and connected shader compiler UnityShaderCompiler.exe after 0.04 seconds
Refreshing native plugins compatible for Editor in 1.55 ms, found 14 plugins.
Preloading 2 native plugins for Editor in 0.16 ms.
Unloading 3571 Unused Serialized files (Serialized files now loaded: 0)
System memory in use before: 270.1 MB.
System memory in use after: 268.8 MB.

Unloading 64 unused Assets to reduce memory usage. Loaded Objects now: 4045.
Total: 5.319600 ms (FindLiveObjects: 0.747700 ms CreateObjectMapping: 0.101500 ms MarkObjects: 3.236400 ms  DeleteObjects: 1.231800 ms)

========================================================================
Received Import Request.
  path: Assets/Shaders/Shader Graphs_Glass.mat
  artifactKey: Guid(c7ec46e491d13ce4980b4e25d8854248) Importer(815301076,1909f56bfc062723c751e8b465ee728b)
Start importing Assets/Shaders/Shader Graphs_Glass.mat using Guid(c7ec46e491d13ce4980b4e25d8854248) Importer(815301076,1909f56bfc062723c751e8b465ee728b)  -> (artifact id: 'd86352531f4a223872e339f10fe125b2') in 0.222130 seconds
  Import took 0.229209 seconds .

========================================================================
Received Import Request.
  Time since last request: 26.479219 seconds.
  path: Assets/(LITE) Splash of Color - Unique Photogrammetry Plants/Billboard Material/Billboard Atlas.mat
  artifactKey: Guid(f64ef025fded027468c4b31f8a797417) Importer(815301076,1909f56bfc062723c751e8b465ee728b)
Start importing Assets/(LITE) Splash of Color - Unique Photogrammetry Plants/Billboard Material/Billboard Atlas.mat using Guid(f64ef025fded027468c4b31f8a797417) Importer(815301076,1909f56bfc062723c751e8b465ee728b)  -> (artifact id: '83280233f2c1d0a50a612570ad6b5616') in 0.072795 seconds
  Import took 0.079804 seconds .

========================================================================
Received Import Request.
  Time since last request: 0.020553 seconds.
  path: Assets/(LITE) Splash of Color - Unique Photogrammetry Plants/Billboard Material/Billboard Atlas.mat
  artifactKey: Guid(f64ef025fded027468c4b31f8a797417) Importer(815301076,1909f56bfc062723c751e8b465ee728b)
Start importing Assets/(LITE) Splash of Color - Unique Photogrammetry Plants/Billboard Material/Billboard Atlas.mat using Guid(f64ef025fded027468c4b31f8a797417) Importer(815301076,1909f56bfc062723c751e8b465ee728b)  -> (artifact id: '83280233f2c1d0a50a612570ad6b5616') in 0.014803 seconds
  Import took 0.021218 seconds .

========================================================================
Received Import Request.
  Time since last request: 0.516373 seconds.
  path: Assets/Witches and Wizards Asset Pack/Textures/LabelandCork Diffuse Color.png
  artifactKey: Guid(424c03e81f8f130489a05fbfcf85ce2d) Importer(815301076,1909f56bfc062723c751e8b465ee728b)
Start importing Assets/Witches and Wizards Asset Pack/Textures/LabelandCork Diffuse Color.png using Guid(424c03e81f8f130489a05fbfcf85ce2d) Importer(815301076,1909f56bfc062723c751e8b465ee728b)  -> (artifact id: 'e6d46b0e491052b3e2b3b9f409e414a2') in 0.025596 seconds
  Import took 0.031965 seconds .

========================================================================
Received Prepare
Registering precompiled user dll's ...
Registered in 0.010433 seconds.
Begin MonoManager ReloadAssembly
Native extension for WindowsStandalone target not found
Refreshing native plugins compatible for Editor in 1.86 ms, found 14 plugins.
Preloading 2 native plugins for Editor in 0.21 ms.
Invoked RoslynAnalysisRunner static constructor.
RoslynAnalysisRunner will not be running.
RoslynAnalysisRunner has terminated.
NullReferenceException: Object reference not set to an instance of an object
  at Unity.XR.Oculus.OculusLoader.AssetPathToAbsolutePath (System.String assetPath) [0x0004c] in C:\Users\nadig\OneDrive\Documentos\GitHub\VR_Environment_Avatar\VR Project\Library\PackageCache\com.unity.xr.oculus@1.6.1\Runtime\OculusLoader.cs:242 
  at Unity.XR.Oculus.OculusLoader.EditorLoadOVRPlugin () [0x000b0] in C:\Users\nadig\OneDrive\Documentos\GitHub\VR_Environment_Avatar\VR Project\Library\PackageCache\com.unity.xr.oculus@1.6.1\Runtime\OculusLoader.cs:227 

(Filename: Library/PackageCache/com.unity.xr.oculus@1.6.1/Runtime/OculusLoader.cs Line: 242)

Mono: successfully reloaded assembly
- Completed reload, in  1.608 seconds
Platform modules already initialized, skipping
Shader 'Universal Render Pipeline/Particles/Lit': fallback shader 'Universal Render Pipeline/Particles/SimpleLit' not found
Shader 'Universal Render Pipeline/Particles/Lit': fallback shader 'Universal Render Pipeline/Particles/SimpleLit' not found
Refreshing native plugins compatible for Editor in 1.57 ms, found 14 plugins.
Preloading 2 native plugins for Editor in 0.16 ms.
Unloading 3396 Unused Serialized files (Serialized files now loaded: 0)
System memory in use before: 285.1 MB.
System memory in use after: 283.9 MB.

Unloading 47 unused Assets to reduce memory usage. Loaded Objects now: 4128.
Total: 4.259600 ms (FindLiveObjects: 0.535700 ms CreateObjectMapping: 0.091200 ms MarkObjects: 2.631000 ms  DeleteObjects: 1.000400 ms)

========================================================================
Received Prepare
Registering precompiled user dll's ...
Registered in 0.008877 seconds.
Begin MonoManager ReloadAssembly
Native extension for WindowsStandalone target not found
Refreshing native plugins compatible for Editor in 1.57 ms, found 14 plugins.
Preloading 2 native plugins for Editor in 0.21 ms.
Invoked RoslynAnalysisRunner static constructor.
RoslynAnalysisRunner will not be running.
RoslynAnalysisRunner has terminated.
NullReferenceException: Object reference not set to an instance of an object
  at Unity.XR.Oculus.OculusLoader.AssetPathToAbsolutePath (System.String assetPath) [0x0004c] in C:\Users\nadig\OneDrive\Documentos\GitHub\VR_Environment_Avatar\VR Project\Library\PackageCache\com.unity.xr.oculus@1.6.1\Runtime\OculusLoader.cs:242 
  at Unity.XR.Oculus.OculusLoader.EditorLoadOVRPlugin () [0x000b0] in C:\Users\nadig\OneDrive\Documentos\GitHub\VR_Environment_Avatar\VR Project\Library\PackageCache\com.unity.xr.oculus@1.6.1\Runtime\OculusLoader.cs:227 

(Filename: Library/PackageCache/com.unity.xr.oculus@1.6.1/Runtime/OculusLoader.cs Line: 242)

Mono: successfully reloaded assembly
- Completed reload, in  1.591 seconds
Platform modules already initialized, skipping
Shader 'Universal Render Pipeline/Particles/Lit': fallback shader 'Universal Render Pipeline/Particles/SimpleLit' not found
Shader 'Universal Render Pipeline/Particles/Lit': fallback shader 'Universal Render Pipeline/Particles/SimpleLit' not found
Refreshing native plugins compatible for Editor in 1.57 ms, found 14 plugins.
Preloading 2 native plugins for Editor in 0.17 ms.
Unloading 3396 Unused Serialized files (Serialized files now loaded: 0)
System memory in use before: 285.1 MB.
System memory in use after: 283.9 MB.

Unloading 47 unused Assets to reduce memory usage. Loaded Objects now: 4131.
Total: 4.720300 ms (FindLiveObjects: 0.688800 ms CreateObjectMapping: 0.103800 ms MarkObjects: 2.578500 ms  DeleteObjects: 1.347300 ms)

