Using pre-set license
Built from '2020.2/release' branch; Version is '2020.2.1f1 (270dd8c3da1c) revision 2559448'; Using compiler version '192528614'; Build Type 'Release'
OS: 'Windows 10  (10.0.0) 64bit' Language: 'es' Physical Memory: 16360 MB
BatchMode: 1, IsHumanControllingUs: 0, StartBugReporterOnCrash: 0, Is64bit: 1, IsPro: 0

 COMMAND LINE ARGUMENTS:
C:\Program Files\Unity\Hub\Editor\2020.2.1f1\Editor\Unity.exe
-adb2
-batchMode
-noUpm
-name
AssetImportWorker0
-projectPath
D:/NADINE/Github Projects/VR_Environment_Avatar/VR Project
-logFile
Logs/AssetImportWorker0.log
-srvPort
60644
Successfully changed project path to: D:/NADINE/Github Projects/VR_Environment_Avatar/VR Project
D:/NADINE/Github Projects/VR_Environment_Avatar/VR Project
Using Asset Import Pipeline V2.
Refreshing native plugins compatible for Editor in 130.77 ms, found 14 plugins.
Preloading 2 native plugins for Editor in 3.04 ms.
Initialize engine version: 2020.2.1f1 (270dd8c3da1c)
[Subsystems] Discovering subsystems at path C:/Program Files/Unity/Hub/Editor/2020.2.1f1/Editor/Data/Resources/UnitySubsystems
[Subsystems] Discovering subsystems at path D:/NADINE/Github Projects/VR_Environment_Avatar/VR Project/Assets
GfxDevice: creating device client; threaded=0
Direct3D:
    Version:  Direct3D 11.0 [level 11.1]
    Renderer: NVIDIA GeForce GTX 1060 6GB (ID=0x1c03)
    Vendor:   
    VRAM:     6052 MB
    Driver:   27.21.14.5671
Initialize mono
Mono path[0] = 'C:/Program Files/Unity/Hub/Editor/2020.2.1f1/Editor/Data/Managed'
Mono path[1] = 'C:/Program Files/Unity/Hub/Editor/2020.2.1f1/Editor/Data/MonoBleedingEdge/lib/mono/unityjit'
Mono config path = 'C:/Program Files/Unity/Hub/Editor/2020.2.1f1/Editor/Data/MonoBleedingEdge/etc'
Using monoOptions --debugger-agent=transport=dt_socket,embedding=1,server=y,suspend=n,address=127.0.0.1:56524
Begin MonoManager ReloadAssembly
Registering precompiled unity dll's ...
Register platform support module: C:/Program Files/Unity/Hub/Editor/2020.2.1f1/Editor/Data/PlaybackEngines/WindowsStandaloneSupport/UnityEditor.WindowsStandalone.Extensions.dll
Registered in 0.003164 seconds.
Native extension for WindowsStandalone target not found
Refreshing native plugins compatible for Editor in 92.14 ms, found 14 plugins.
Preloading 2 native plugins for Editor in 0.12 ms.
Invoked RoslynAnalysisRunner static constructor.
RoslynAnalysisRunner will not be running.
RoslynAnalysisRunner has terminated.
Mono: successfully reloaded assembly
- Completed reload, in  3.341 seconds
Platform modules already initialized, skipping
Registering precompiled user dll's ...
Registered in 0.009012 seconds.
Begin MonoManager ReloadAssembly
Native extension for WindowsStandalone target not found
Refreshing native plugins compatible for Editor in 106.89 ms, found 14 plugins.
Preloading 2 native plugins for Editor in 0.10 ms.
Invoked RoslynAnalysisRunner static constructor.
RoslynAnalysisRunner will not be running.
RoslynAnalysisRunner has terminated.
[XR] OculusXRPlugin: registering subsystems
[XR] Unable to register display lifecyle provider: [1]
[XR] Oculus Input lifecycle provider registered.
[XR] Unable to register input lifecyle provider: [1]
NullReferenceException: Object reference not set to an instance of an object
  at Unity.XR.Oculus.OculusLoader.AssetPathToAbsolutePath (System.String assetPath) [0x00048] in D:\NADINE\Github Projects\VR_Environment_Avatar\VR Project\Library\PackageCache\com.unity.xr.oculus@1.6.1\Runtime\OculusLoader.cs:242 
  at Unity.XR.Oculus.OculusLoader.EditorLoadOVRPlugin () [0x0007b] in D:\NADINE\Github Projects\VR_Environment_Avatar\VR Project\Library\PackageCache\com.unity.xr.oculus@1.6.1\Runtime\OculusLoader.cs:227 

(Filename: Library/PackageCache/com.unity.xr.oculus@1.6.1/Runtime/OculusLoader.cs Line: 242)

Mono: successfully reloaded assembly
- Completed reload, in  2.030 seconds
Platform modules already initialized, skipping
========================================================================
Worker process is ready to serve import requests
Shader 'Universal Render Pipeline/Particles/Lit': fallback shader 'Universal Render Pipeline/Particles/SimpleLit' not found
Shader 'Universal Render Pipeline/Particles/Lit': fallback shader 'Universal Render Pipeline/Particles/SimpleLit' not found
Launched and connected shader compiler UnityShaderCompiler.exe after 0.04 seconds
Refreshing native plugins compatible for Editor in 1.41 ms, found 14 plugins.
Preloading 2 native plugins for Editor in 0.13 ms.
Unloading 3389 Unused Serialized files (Serialized files now loaded: 0)
System memory in use before: 152.6 MB.
System memory in use after: 147.0 MB.

Unloading 119 unused Assets to reduce memory usage. Loaded Objects now: 3763.
Total: 6.003200 ms (FindLiveObjects: 0.336200 ms CreateObjectMapping: 0.122700 ms MarkObjects: 2.514700 ms  DeleteObjects: 3.028200 ms)

========================================================================
Received Import Request.
  path: Assets/New Terrain.asset
  artifactKey: Guid(139ff552a8610f944b23c821592b8b5a) Importer(815301076,1909f56bfc062723c751e8b465ee728b)
Start importing Assets/New Terrain.asset using Guid(139ff552a8610f944b23c821592b8b5a) Importer(815301076,1909f56bfc062723c751e8b465ee728b)  -> (artifact id: 'ba78b1b249cc3c7ca64eb8e698fe68e9') in 0.125816 seconds
  Import took 0.134054 seconds .

========================================================================
Received Import Request.
  Time since last request: 0.000635 seconds.
  path: Assets/Scenes/1.Playing.unity
  artifactKey: Guid(54a9799b9dba0e94fa0b1684e739a7aa) Importer(815301076,1909f56bfc062723c751e8b465ee728b)
Start importing Assets/Scenes/1.Playing.unity using Guid(54a9799b9dba0e94fa0b1684e739a7aa) Importer(815301076,1909f56bfc062723c751e8b465ee728b)  -> (artifact id: 'af169d8f04d64160599eac4e2f95baeb') in 0.007738 seconds
  Import took 0.014163 seconds .

========================================================================
Received Import Request.
  Time since last request: 0.000246 seconds.
  path: Assets/Scenes
  artifactKey: Guid(fd27d26074d75394891a472069ea9a5e) Importer(815301076,1909f56bfc062723c751e8b465ee728b)
Start importing Assets/Scenes using Guid(fd27d26074d75394891a472069ea9a5e) Importer(815301076,1909f56bfc062723c751e8b465ee728b)  -> (artifact id: 'd532e8a5d7c683bbe9075e488dfffe67') in 0.007104 seconds
  Import took 0.015844 seconds .

========================================================================
Received Import Request.
  Time since last request: 0.000354 seconds.
  path: Assets/Readme.asset
  artifactKey: Guid(83c2ed844a8c74b779a4c823d16594b1) Importer(815301076,1909f56bfc062723c751e8b465ee728b)
Start importing Assets/Readme.asset using Guid(83c2ed844a8c74b779a4c823d16594b1) Importer(815301076,1909f56bfc062723c751e8b465ee728b)  -> (artifact id: 'cf6c1105aea63a748fcaa5f7f2e0893d') in 0.008553 seconds
  Import took 0.014905 seconds .

========================================================================
Received Import Request.
  Time since last request: 0.287364 seconds.
  path: Assets/Scenes/1.Playing.unity
  artifactKey: Guid(54a9799b9dba0e94fa0b1684e739a7aa) Importer(815301076,1909f56bfc062723c751e8b465ee728b)
Start importing Assets/Scenes/1.Playing.unity using Guid(54a9799b9dba0e94fa0b1684e739a7aa) Importer(815301076,1909f56bfc062723c751e8b465ee728b)  -> (artifact id: 'af169d8f04d64160599eac4e2f95baeb') in 0.002758 seconds
  Import took 0.009518 seconds .

========================================================================
Received Import Request.
  Time since last request: 2.443605 seconds.
  path: Assets/Scenes/2.Exterior_Blockout.unity
  artifactKey: Guid(c8c9e168b69d9cb4a93512bf9ba4b4d5) Importer(815301076,1909f56bfc062723c751e8b465ee728b)
Start importing Assets/Scenes/2.Exterior_Blockout.unity using Guid(c8c9e168b69d9cb4a93512bf9ba4b4d5) Importer(815301076,1909f56bfc062723c751e8b465ee728b)  -> (artifact id: '54e691215c98eb74a954d8dedb9a5313') in 0.012567 seconds
  Import took 0.019853 seconds .

========================================================================
Received Import Request.
  Time since last request: 26.606033 seconds.
  path: Assets/Props
  artifactKey: Guid(40d74cc30e91b824ebb236f8200e6803) Importer(815301076,1909f56bfc062723c751e8b465ee728b)
Start importing Assets/Props using Guid(40d74cc30e91b824ebb236f8200e6803) Importer(815301076,1909f56bfc062723c751e8b465ee728b)  -> (artifact id: 'a53dd2e74260f86cdd13e1d93cd0715c') in 0.007281 seconds
  Import took 0.014624 seconds .

========================================================================
Received Import Request.
  Time since last request: 0.055397 seconds.
  path: Assets/Props/SCHOOL_ALL.blend
  artifactKey: Guid(f229297773041bd4a866af7956893ca0) Importer(815301076,1909f56bfc062723c751e8b465ee728b)
Start importing Assets/Props/SCHOOL_ALL.blend using Guid(f229297773041bd4a866af7956893ca0) Importer(815301076,1909f56bfc062723c751e8b465ee728b)  -> (artifact id: 'd9859d28a6dc110b1e9b4d6fd2155f9b') in 1.139470 seconds
  Import took 1.146950 seconds .

========================================================================
Received Import Request.
  Time since last request: 0.000268 seconds.
  path: Assets/Props/SchoolTable_LP.blend
  artifactKey: Guid(e2d44745bdd0639458954b136323ec00) Importer(815301076,1909f56bfc062723c751e8b465ee728b)
Start importing Assets/Props/SchoolTable_LP.blend using Guid(e2d44745bdd0639458954b136323ec00) Importer(815301076,1909f56bfc062723c751e8b465ee728b)  -> (artifact id: '1ef7670151192fc12e55ee55f9580f4a') in 0.078687 seconds
  Import took 0.085612 seconds .

========================================================================
Received Import Request.
  Time since last request: 0.000316 seconds.
  path: Assets/Props/SchoolFence_TextureNormal.png
  artifactKey: Guid(66c2a0899d85f94468f66e774641c96c) Importer(815301076,1909f56bfc062723c751e8b465ee728b)
Start importing Assets/Props/SchoolFence_TextureNormal.png using Guid(66c2a0899d85f94468f66e774641c96c) Importer(815301076,1909f56bfc062723c751e8b465ee728b)  -> (artifact id: '600cc46b9ad19dd7675662908335cac7') in 0.057018 seconds
  Import took 0.063115 seconds .

========================================================================
Received Import Request.
  Time since last request: 0.000264 seconds.
  path: Assets/Props/SchoolWall_TextureDiffuse.png
  artifactKey: Guid(2176e2acf3220324d95dbd0a95837a2f) Importer(815301076,1909f56bfc062723c751e8b465ee728b)
Start importing Assets/Props/SchoolWall_TextureDiffuse.png using Guid(2176e2acf3220324d95dbd0a95837a2f) Importer(815301076,1909f56bfc062723c751e8b465ee728b)  -> (artifact id: '1cc4b0012fa3a5d03a108bb6b7fb4abd') in 0.014492 seconds
  Import took 0.021076 seconds .

========================================================================
Received Import Request.
  Time since last request: 0.000322 seconds.
  path: Assets/Props/SchoolFloor_Material.mat
  artifactKey: Guid(885b5785afd83fb4f9d4b68288c208eb) Importer(815301076,1909f56bfc062723c751e8b465ee728b)
Start importing Assets/Props/SchoolFloor_Material.mat using Guid(885b5785afd83fb4f9d4b68288c208eb) Importer(815301076,1909f56bfc062723c751e8b465ee728b)  -> (artifact id: 'a099a9380d4eb30106cc9baaa579446c') in 0.478192 seconds
  Import took 0.484919 seconds .

========================================================================
Received Import Request.
  Time since last request: 0.000311 seconds.
  path: Assets/Props/SchoolStructure_TextureMetallicRough.png
  artifactKey: Guid(3486685de281d804bb4247d9c79f702e) Importer(815301076,1909f56bfc062723c751e8b465ee728b)
Start importing Assets/Props/SchoolStructure_TextureMetallicRough.png using Guid(3486685de281d804bb4247d9c79f702e) Importer(815301076,1909f56bfc062723c751e8b465ee728b)  -> (artifact id: '87c92653070ef88de4d78333a0664a8b') in 0.012836 seconds
  Import took 0.020640 seconds .

========================================================================
Received Import Request.
  Time since last request: 0.000282 seconds.
  path: Assets/Props/SchoolWall_Material.mat
  artifactKey: Guid(c9100020faef34448a13ce7304c1c90f) Importer(815301076,1909f56bfc062723c751e8b465ee728b)
Start importing Assets/Props/SchoolWall_Material.mat using Guid(c9100020faef34448a13ce7304c1c90f) Importer(815301076,1909f56bfc062723c751e8b465ee728b)  -> (artifact id: '1c7f1decd7d11650f81a0e71c0be87ef') in 0.077511 seconds
  Import took 0.085027 seconds .

========================================================================
Received Import Request.
  Time since last request: 0.000322 seconds.
  path: Assets/Props/SchoolFence_TextureDiffuse.png
  artifactKey: Guid(99d744d8e7fa367468034b0ea6ad14f0) Importer(815301076,1909f56bfc062723c751e8b465ee728b)
Start importing Assets/Props/SchoolFence_TextureDiffuse.png using Guid(99d744d8e7fa367468034b0ea6ad14f0) Importer(815301076,1909f56bfc062723c751e8b465ee728b)  -> (artifact id: '7f6eab09067a9e598ce8460a3d9d71a9') in 0.011037 seconds
  Import took 0.018024 seconds .

========================================================================
Received Import Request.
  Time since last request: 0.000269 seconds.
  path: Assets/Props/SchoolStructure_TextureNormal.png
  artifactKey: Guid(764511a468860204f875d438901dcce1) Importer(815301076,1909f56bfc062723c751e8b465ee728b)
Start importing Assets/Props/SchoolStructure_TextureNormal.png using Guid(764511a468860204f875d438901dcce1) Importer(815301076,1909f56bfc062723c751e8b465ee728b)  -> (artifact id: '3f98f9c9a41326c3e39072e01df0d5c8') in 0.014863 seconds
  Import took 0.022409 seconds .

========================================================================
Received Import Request.
  Time since last request: 0.000253 seconds.
  path: Assets/Props/SchoolWall_TextureNormal.png
  artifactKey: Guid(fc4f85bb42219cf49be5d49af60a8c7e) Importer(815301076,1909f56bfc062723c751e8b465ee728b)
Start importing Assets/Props/SchoolWall_TextureNormal.png using Guid(fc4f85bb42219cf49be5d49af60a8c7e) Importer(815301076,1909f56bfc062723c751e8b465ee728b)  -> (artifact id: '29efd0068e3fb513ef00a9dd7d673d5a') in 0.016488 seconds
  Import took 0.023609 seconds .

========================================================================
Received Import Request.
  Time since last request: 0.000236 seconds.
  path: Assets/Props/SchoolFence_v1.blend
  artifactKey: Guid(682c69de439023c4f8904203907e6b26) Importer(815301076,1909f56bfc062723c751e8b465ee728b)
Start importing Assets/Props/SchoolFence_v1.blend using Guid(682c69de439023c4f8904203907e6b26) Importer(815301076,1909f56bfc062723c751e8b465ee728b)  -> (artifact id: '10e6231ff3ee6a4716e63bd4b79a17cf') in 0.074463 seconds
  Import took 0.081508 seconds .

========================================================================
Received Import Request.
  Time since last request: 0.000264 seconds.
  path: Assets/Props/SchoolStructure_TextureDiffuse.png
  artifactKey: Guid(09628725699e51e458a2fc5fc0a2de22) Importer(815301076,1909f56bfc062723c751e8b465ee728b)
Start importing Assets/Props/SchoolStructure_TextureDiffuse.png using Guid(09628725699e51e458a2fc5fc0a2de22) Importer(815301076,1909f56bfc062723c751e8b465ee728b)  -> (artifact id: '446ba1a05a216f90fc05685a0d122865') in 0.013769 seconds
  Import took 0.020192 seconds .

========================================================================
Received Import Request.
  Time since last request: 0.000333 seconds.
  path: Assets/Props/SchoolTable_TextureNormal.png
  artifactKey: Guid(eae94346da0b80140acd97a04a2f1277) Importer(815301076,1909f56bfc062723c751e8b465ee728b)
Start importing Assets/Props/SchoolTable_TextureNormal.png using Guid(eae94346da0b80140acd97a04a2f1277) Importer(815301076,1909f56bfc062723c751e8b465ee728b)  -> (artifact id: '5ac5ca43793877ccab2602a990994820') in 0.016676 seconds
  Import took 0.024225 seconds .

========================================================================
Received Import Request.
  Time since last request: 0.000230 seconds.
  path: Assets/Props/SchoolWall.blend
  artifactKey: Guid(8c800a93a74037a42b561751f82561aa) Importer(815301076,1909f56bfc062723c751e8b465ee728b)
Start importing Assets/Props/SchoolWall.blend using Guid(8c800a93a74037a42b561751f82561aa) Importer(815301076,1909f56bfc062723c751e8b465ee728b)  -> (artifact id: '52f2a0791d58a1f6904497c8b6e3be3c') in 0.075635 seconds
  Import took 0.082243 seconds .

========================================================================
Received Import Request.
  Time since last request: 0.000251 seconds.
  path: Assets/Props/SchoolFloor_TextureDiffuse.png
  artifactKey: Guid(801da99dbfb025046b0c1f6628a16b80) Importer(815301076,1909f56bfc062723c751e8b465ee728b)
Start importing Assets/Props/SchoolFloor_TextureDiffuse.png using Guid(801da99dbfb025046b0c1f6628a16b80) Importer(815301076,1909f56bfc062723c751e8b465ee728b)  -> (artifact id: '426988fd69c6756f224077c0fa63f218') in 0.016423 seconds
  Import took 0.023413 seconds .

========================================================================
Received Import Request.
  Time since last request: 0.000261 seconds.
  path: Assets/Props/SchoolFloor_TextureMetallicRough.png
  artifactKey: Guid(a36863033730d904ba6392d333565f01) Importer(815301076,1909f56bfc062723c751e8b465ee728b)
Start importing Assets/Props/SchoolFloor_TextureMetallicRough.png using Guid(a36863033730d904ba6392d333565f01) Importer(815301076,1909f56bfc062723c751e8b465ee728b)  -> (artifact id: '1d3de4530f78d2e3f0770ac0f69651bc') in 0.011579 seconds
  Import took 0.019655 seconds .

========================================================================
Received Import Request.
  Time since last request: 0.000298 seconds.
  path: Assets/Props/SchoolTable_Material.mat
  artifactKey: Guid(bbeb11e4f04977a4aa2cdfe85a6c2660) Importer(815301076,1909f56bfc062723c751e8b465ee728b)
Start importing Assets/Props/SchoolTable_Material.mat using Guid(bbeb11e4f04977a4aa2cdfe85a6c2660) Importer(815301076,1909f56bfc062723c751e8b465ee728b)  -> (artifact id: 'f6c06b4f01814b7379d4945d6c021baa') in 0.078073 seconds
  Import took 0.085414 seconds .

========================================================================
Received Import Request.
  Time since last request: 0.000251 seconds.
  path: Assets/Props/SchoolTable_TextureMetallicRough.png
  artifactKey: Guid(393e28298e45a9643ae2f8d2579d37b4) Importer(815301076,1909f56bfc062723c751e8b465ee728b)
Start importing Assets/Props/SchoolTable_TextureMetallicRough.png using Guid(393e28298e45a9643ae2f8d2579d37b4) Importer(815301076,1909f56bfc062723c751e8b465ee728b)  -> (artifact id: 'b186a1a9735d4e3df5c4a3d7b3c6a140') in 0.011891 seconds
  Import took 0.019244 seconds .

========================================================================
Received Import Request.
  Time since last request: 0.000246 seconds.
  path: Assets/Props/SchoolWall_v2.blend
  artifactKey: Guid(603b789a80546f344a4a64f49b8f8122) Importer(815301076,1909f56bfc062723c751e8b465ee728b)
Start importing Assets/Props/SchoolWall_v2.blend using Guid(603b789a80546f344a4a64f49b8f8122) Importer(815301076,1909f56bfc062723c751e8b465ee728b)  -> (artifact id: 'eef02866de11ae4271bd267737e67511') in 0.073545 seconds
  Import took 0.080950 seconds .

========================================================================
Received Import Request.
  Time since last request: 0.000227 seconds.
  path: Assets/Props/SchoolFence_TextureMetallicRough.png
  artifactKey: Guid(fabf0e20ddce31d4793851089ba7d0fe) Importer(815301076,1909f56bfc062723c751e8b465ee728b)
Start importing Assets/Props/SchoolFence_TextureMetallicRough.png using Guid(fabf0e20ddce31d4793851089ba7d0fe) Importer(815301076,1909f56bfc062723c751e8b465ee728b)  -> (artifact id: '5d6f477a0ca9804edd67837368b7bb36') in 0.012675 seconds
  Import took 0.019678 seconds .

========================================================================
Received Import Request.
  Time since last request: 0.000263 seconds.
  path: Assets/Props/SchoolFence_v2.blend
  artifactKey: Guid(e9c8d230d99239941a78f8fa61af046c) Importer(815301076,1909f56bfc062723c751e8b465ee728b)
Start importing Assets/Props/SchoolFence_v2.blend using Guid(e9c8d230d99239941a78f8fa61af046c) Importer(815301076,1909f56bfc062723c751e8b465ee728b)  -> (artifact id: '10511f9b43a4c4fc562d3b249b288174') in 0.077314 seconds
  Import took 0.084244 seconds .

========================================================================
Received Import Request.
  Time since last request: 0.000242 seconds.
  path: Assets/Props/SchoolFloor_TextureNormal.png
  artifactKey: Guid(9059a016f4c024b439884372b0a8b94f) Importer(815301076,1909f56bfc062723c751e8b465ee728b)
Start importing Assets/Props/SchoolFloor_TextureNormal.png using Guid(9059a016f4c024b439884372b0a8b94f) Importer(815301076,1909f56bfc062723c751e8b465ee728b)  -> (artifact id: 'd2da9ccfc7f4334d9711525fffb0c4c3') in 0.015430 seconds
  Import took 0.022450 seconds .

========================================================================
Received Import Request.
  Time since last request: 0.000288 seconds.
  path: Assets/Props/SchoolStructure_LP.blend
  artifactKey: Guid(c360aa756759e9742852f06ed3bab9f5) Importer(815301076,1909f56bfc062723c751e8b465ee728b)
Start importing Assets/Props/SchoolStructure_LP.blend using Guid(c360aa756759e9742852f06ed3bab9f5) Importer(815301076,1909f56bfc062723c751e8b465ee728b)  -> (artifact id: '8b91f7fc7e8f653d2fd71efc0019a7fd') in 0.084884 seconds
  Import took 0.091645 seconds .

========================================================================
Received Import Request.
  Time since last request: 0.000234 seconds.
  path: Assets/Props/SchoolWall_TextureMetallicRough.png
  artifactKey: Guid(1d447ff3c63b28b48bc1daf8b6ebf41d) Importer(815301076,1909f56bfc062723c751e8b465ee728b)
Start importing Assets/Props/SchoolWall_TextureMetallicRough.png using Guid(1d447ff3c63b28b48bc1daf8b6ebf41d) Importer(815301076,1909f56bfc062723c751e8b465ee728b)  -> (artifact id: '07b35bd71ec40a7bf7636f089bc330ff') in 0.014128 seconds
  Import took 0.021061 seconds .

========================================================================
Received Import Request.
  Time since last request: 0.000260 seconds.
  path: Assets/Props/SchoolTable_TextureDiffuse.png
  artifactKey: Guid(6c42bb64181f6d341a2f7000d320c86b) Importer(815301076,1909f56bfc062723c751e8b465ee728b)
Start importing Assets/Props/SchoolTable_TextureDiffuse.png using Guid(6c42bb64181f6d341a2f7000d320c86b) Importer(815301076,1909f56bfc062723c751e8b465ee728b)  -> (artifact id: 'b5e4187ea041773cab71a9bc82859ac9') in 0.012140 seconds
  Import took 0.018975 seconds .

========================================================================
Received Import Request.
  Time since last request: 0.000229 seconds.
  path: Assets/Props/SchoolFence_Material.mat
  artifactKey: Guid(ac019fe288f8bf344a71bd4afe6446c0) Importer(815301076,1909f56bfc062723c751e8b465ee728b)
Start importing Assets/Props/SchoolFence_Material.mat using Guid(ac019fe288f8bf344a71bd4afe6446c0) Importer(815301076,1909f56bfc062723c751e8b465ee728b)  -> (artifact id: '94db099ba078eb28d9fca54a38ecf03b') in 0.070720 seconds
  Import took 0.077932 seconds .

========================================================================
Received Import Request.
  Time since last request: 0.000287 seconds.
  path: Assets/Props/SchoolStructure_Material.mat
  artifactKey: Guid(a3278f2d7317d0c46bdafafb13b3114f) Importer(815301076,1909f56bfc062723c751e8b465ee728b)
Start importing Assets/Props/SchoolStructure_Material.mat using Guid(a3278f2d7317d0c46bdafafb13b3114f) Importer(815301076,1909f56bfc062723c751e8b465ee728b)  -> (artifact id: 'a1cfde885abb672191a9e7198594852e') in 0.066383 seconds
  Import took 0.073672 seconds .

========================================================================
Received Import Request.
  Time since last request: 0.000228 seconds.
  path: Assets/Props/SchoolFloor.blend
  artifactKey: Guid(61131157ede16fb4091868cfc198852d) Importer(815301076,1909f56bfc062723c751e8b465ee728b)
Start importing Assets/Props/SchoolFloor.blend using Guid(61131157ede16fb4091868cfc198852d) Importer(815301076,1909f56bfc062723c751e8b465ee728b)  -> (artifact id: 'dad413a7cd4693cb7fa2f097559a475e') in 0.072133 seconds
  Import took 0.078608 seconds .

========================================================================
Received Import Request.
  Time since last request: 1180.264021 seconds.
  path: Assets/Props/SchoolStraw.blend
  artifactKey: Guid(452b0dc848acd1545b3bb4c6112410ff) Importer(815301076,1909f56bfc062723c751e8b465ee728b)
Start importing Assets/Props/SchoolStraw.blend using Guid(452b0dc848acd1545b3bb4c6112410ff) Importer(815301076,1909f56bfc062723c751e8b465ee728b)  -> (artifact id: '8e0003fc166cff48d95ed8ea95491167') in 0.112574 seconds
  Import took 0.120634 seconds .

========================================================================
Received Import Request.
  Time since last request: 31.248182 seconds.
  path: Assets/Props/SchoolStraw.blend
  artifactKey: Guid(452b0dc848acd1545b3bb4c6112410ff) Importer(815301076,1909f56bfc062723c751e8b465ee728b)
Start importing Assets/Props/SchoolStraw.blend using Guid(452b0dc848acd1545b3bb4c6112410ff) Importer(815301076,1909f56bfc062723c751e8b465ee728b)  -> (artifact id: 'ddffff7176a44575ba5e5bb63cbd6442') in 0.109915 seconds
  Import took 0.116990 seconds .

========================================================================
Received Import Request.
  Time since last request: 38.139424 seconds.
  path: Assets/Props/SchoolStraw.blend
  artifactKey: Guid(452b0dc848acd1545b3bb4c6112410ff) Importer(815301076,1909f56bfc062723c751e8b465ee728b)
Start importing Assets/Props/SchoolStraw.blend using Guid(452b0dc848acd1545b3bb4c6112410ff) Importer(815301076,1909f56bfc062723c751e8b465ee728b)  -> (artifact id: 'a8a9e2035549dc3bc0292c43c3213423') in 0.151771 seconds
  Import took 0.159614 seconds .

========================================================================
Received Import Request.
  Time since last request: 4047.850265 seconds.
  path: Assets/Props/SchoolStraw.blend
  artifactKey: Guid(452b0dc848acd1545b3bb4c6112410ff) Importer(815301076,1909f56bfc062723c751e8b465ee728b)
Start importing Assets/Props/SchoolStraw.blend using Guid(452b0dc848acd1545b3bb4c6112410ff) Importer(815301076,1909f56bfc062723c751e8b465ee728b)  -> (artifact id: '82681fb2db970756a1bddd5298a53fa9') in 0.185382 seconds
  Import took 0.193557 seconds .

========================================================================
Received Import Request.
  Time since last request: 59.691918 seconds.
  path: Assets/Props/SchoolStraw.blend
  artifactKey: Guid(452b0dc848acd1545b3bb4c6112410ff) Importer(815301076,1909f56bfc062723c751e8b465ee728b)
Start importing Assets/Props/SchoolStraw.blend using Guid(452b0dc848acd1545b3bb4c6112410ff) Importer(815301076,1909f56bfc062723c751e8b465ee728b)  -> (artifact id: 'ddf4b6b3ce9051ee49fbde71e1a3ed15') in 0.108547 seconds
  Import took 0.116373 seconds .

========================================================================
Received Import Request.
  Time since last request: 8.311136 seconds.
  path: Assets/Props/SchoolStraw.blend
  artifactKey: Guid(452b0dc848acd1545b3bb4c6112410ff) Importer(815301076,1909f56bfc062723c751e8b465ee728b)
Start importing Assets/Props/SchoolStraw.blend using Guid(452b0dc848acd1545b3bb4c6112410ff) Importer(815301076,1909f56bfc062723c751e8b465ee728b)  -> (artifact id: 'a1aa2add3ec8cbe574258d4cb1a16fb7') in 0.098258 seconds
  Import took 0.105528 seconds .

========================================================================
Received Import Request.
  Time since last request: 70.702987 seconds.
  path: Assets/Props/SchoolStructure_Material.mat
  artifactKey: Guid(a3278f2d7317d0c46bdafafb13b3114f) Importer(815301076,1909f56bfc062723c751e8b465ee728b)
Start importing Assets/Props/SchoolStructure_Material.mat using Guid(a3278f2d7317d0c46bdafafb13b3114f) Importer(815301076,1909f56bfc062723c751e8b465ee728b)  -> (artifact id: 'd06c2f0a9e6c5b1d880f25bb331d6e33') in 0.103393 seconds
  Import took 0.111000 seconds .

========================================================================
Received Import Request.
  Time since last request: 8757.894234 seconds.
  path: Assets/Props/SchoolStraw.blend
  artifactKey: Guid(452b0dc848acd1545b3bb4c6112410ff) Importer(815301076,1909f56bfc062723c751e8b465ee728b)
Start importing Assets/Props/SchoolStraw.blend using Guid(452b0dc848acd1545b3bb4c6112410ff) Importer(815301076,1909f56bfc062723c751e8b465ee728b)  -> (artifact id: '6b72a765e77d549310d0657b94e33455') in 0.109077 seconds
  Import took 0.117516 seconds .

========================================================================
Received Import Request.
  Time since last request: 27.866922 seconds.
  path: Assets/Props/SchoolStraw.blend
  artifactKey: Guid(452b0dc848acd1545b3bb4c6112410ff) Importer(815301076,1909f56bfc062723c751e8b465ee728b)
Start importing Assets/Props/SchoolStraw.blend using Guid(452b0dc848acd1545b3bb4c6112410ff) Importer(815301076,1909f56bfc062723c751e8b465ee728b)  -> (artifact id: '20f1683e34bf9ec14b0d1c4452534520') in 0.104945 seconds
  Import took 0.113625 seconds .

========================================================================
Received Import Request.
  Time since last request: 62.819160 seconds.
  path: Assets/Props/SchoolStraw.blend
  artifactKey: Guid(452b0dc848acd1545b3bb4c6112410ff) Importer(815301076,1909f56bfc062723c751e8b465ee728b)
Start importing Assets/Props/SchoolStraw.blend using Guid(452b0dc848acd1545b3bb4c6112410ff) Importer(815301076,1909f56bfc062723c751e8b465ee728b)  -> (artifact id: '264b9c80821c6170df50ae63338291ff') in 0.101923 seconds
  Import took 0.110670 seconds .

========================================================================
Received Import Request.
  Time since last request: 703.443288 seconds.
  path: Assets/Props/SchoolStraw_TextureDiffuse.png
  artifactKey: Guid(d2be65048b22cd94a8e60d508d3829bd) Importer(815301076,1909f56bfc062723c751e8b465ee728b)
Start importing Assets/Props/SchoolStraw_TextureDiffuse.png using Guid(d2be65048b22cd94a8e60d508d3829bd) Importer(815301076,1909f56bfc062723c751e8b465ee728b)  -> (artifact id: 'c939a8ed44c0a8d48018116e6d0978be') in 0.023095 seconds
  Import took 0.031504 seconds .

========================================================================
Received Import Request.
  Time since last request: 0.000277 seconds.
  path: Assets/Props/SchoolStraw_TextureMetallicRough.png
  artifactKey: Guid(a40c6cc949198814dabac0d42ab38f35) Importer(815301076,1909f56bfc062723c751e8b465ee728b)
Start importing Assets/Props/SchoolStraw_TextureMetallicRough.png using Guid(a40c6cc949198814dabac0d42ab38f35) Importer(815301076,1909f56bfc062723c751e8b465ee728b)  -> (artifact id: 'edfcd4fb7aa44efb81779e5ee6c6b792') in 0.019598 seconds
  Import took 0.035166 seconds .

========================================================================
Received Import Request.
  Time since last request: 0.000308 seconds.
  path: Assets/Props/SchoolStraw_TextureNormal.png
  artifactKey: Guid(850bc3b3e308b654e9eb66f7534e586a) Importer(815301076,1909f56bfc062723c751e8b465ee728b)
Start importing Assets/Props/SchoolStraw_TextureNormal.png using Guid(850bc3b3e308b654e9eb66f7534e586a) Importer(815301076,1909f56bfc062723c751e8b465ee728b)  -> (artifact id: 'f6754d64ca11ff63ec2f3c623d9711d0') in 0.015761 seconds
  Import took 0.023327 seconds .

========================================================================
Received Import Request.
  Time since last request: 1.238272 seconds.
  path: Assets/Props/SchoolStraw.blend1
  artifactKey: Guid(00ae48d8c08f32742b2e465122c76df0) Importer(815301076,1909f56bfc062723c751e8b465ee728b)
Start importing Assets/Props/SchoolStraw.blend1 using Guid(00ae48d8c08f32742b2e465122c76df0) Importer(815301076,1909f56bfc062723c751e8b465ee728b)  -> (artifact id: '92fbc44301168d9c60a66163ae49a618') in 0.012024 seconds
  Import took 0.109183 seconds .

========================================================================
Received Import Request.
  Time since last request: 10.003969 seconds.
  path: Assets/Props/SchoolStraw_Material.mat
  artifactKey: Guid(79ec466ca5717ae4fbbbaf32ef27c5cb) Importer(815301076,1909f56bfc062723c751e8b465ee728b)
Start importing Assets/Props/SchoolStraw_Material.mat using Guid(79ec466ca5717ae4fbbbaf32ef27c5cb) Importer(815301076,1909f56bfc062723c751e8b465ee728b)  -> (artifact id: 'a3c5c589c4a82a9a15be340daabcee5d') in 0.083117 seconds
  Import took 0.090784 seconds .

========================================================================
Received Import Request.
  Time since last request: 7.477119 seconds.
  path: Assets/Props/SchoolStraw_TextureNormal.png
  artifactKey: Guid(850bc3b3e308b654e9eb66f7534e586a) Importer(815301076,1909f56bfc062723c751e8b465ee728b)
Start importing Assets/Props/SchoolStraw_TextureNormal.png using Guid(850bc3b3e308b654e9eb66f7534e586a) Importer(815301076,1909f56bfc062723c751e8b465ee728b)  -> (artifact id: '637fc3229c3664e13204cba7e140967c') in 0.018588 seconds
  Import took 0.043747 seconds .

========================================================================
Received Import Request.
  Time since last request: 22.185181 seconds.
  path: Assets/Props/SchoolStraw_Material.mat
  artifactKey: Guid(79ec466ca5717ae4fbbbaf32ef27c5cb) Importer(815301076,1909f56bfc062723c751e8b465ee728b)
Start importing Assets/Props/SchoolStraw_Material.mat using Guid(79ec466ca5717ae4fbbbaf32ef27c5cb) Importer(815301076,1909f56bfc062723c751e8b465ee728b)  -> (artifact id: '97064e0f705ef6e2ee5606e51e4ad15c') in 0.086031 seconds
  Import took 0.120857 seconds .

========================================================================
Received Import Request.
  Time since last request: 413.486894 seconds.
  path: Assets/Props/SchoolStraw_TextureDiffuse.png
  artifactKey: Guid(d2be65048b22cd94a8e60d508d3829bd) Importer(815301076,1909f56bfc062723c751e8b465ee728b)
Start importing Assets/Props/SchoolStraw_TextureDiffuse.png using Guid(d2be65048b22cd94a8e60d508d3829bd) Importer(815301076,1909f56bfc062723c751e8b465ee728b)  -> (artifact id: '8ea51fd05654933c69f77f4b20d6c6d5') in 0.030547 seconds
  Import took 0.079409 seconds .

========================================================================
Received Import Request.
  Time since last request: 0.000248 seconds.
  path: Assets/Props/SchoolStraw_TextureMetallicRough.png
  artifactKey: Guid(a40c6cc949198814dabac0d42ab38f35) Importer(815301076,1909f56bfc062723c751e8b465ee728b)
Start importing Assets/Props/SchoolStraw_TextureMetallicRough.png using Guid(a40c6cc949198814dabac0d42ab38f35) Importer(815301076,1909f56bfc062723c751e8b465ee728b)  -> (artifact id: 'd12957efef798419fa730f74d4b2e635') in 0.014117 seconds
  Import took 0.036837 seconds .

========================================================================
Received Import Request.
  Time since last request: 0.000211 seconds.
  path: Assets/Props/SchoolStraw_TextureNormal.png
  artifactKey: Guid(850bc3b3e308b654e9eb66f7534e586a) Importer(815301076,1909f56bfc062723c751e8b465ee728b)
Start importing Assets/Props/SchoolStraw_TextureNormal.png using Guid(850bc3b3e308b654e9eb66f7534e586a) Importer(815301076,1909f56bfc062723c751e8b465ee728b)  -> (artifact id: 'a3cf2fb20c44a4aef21feb1dab0e5c8f') in 0.014244 seconds
  Import took 0.021113 seconds .

AssetImportWorkerClient::OnTransportError - code=2 error=End of file
